build/app/intermediates/manifest_merge_blame_file/release/manifest-merger-blame-release-report.txt
1<?xml version="1.0" encoding="utf-8"?>
2<manifest xmlns:android="http://schemas.android.com/apk/res/android"
3    package="com.example.guage"
4    android:versionCode="1"
5    android:versionName="1.0.0" >
6
7    <uses-sdk
8        android:minSdkVersion="16"
8-->src/main/AndroidManifest.xml
9        android:targetSdkVersion="31" />
9-->src/main/AndroidManifest.xml
10
11    <queries>
11-->[:otpless_flutter] AndroidManifest.xml:9:5-12:15
12        <package android:name="com.whatsapp.w4b" />
12-->[:otpless_flutter] AndroidManifest.xml:10:9-52
12-->[:otpless_flutter] AndroidManifest.xml:10:18-49
13        <package android:name="com.whatsapp" />
13-->[:otpless_flutter] AndroidManifest.xml:11:9-48
13-->[:otpless_flutter] AndroidManifest.xml:11:18-45
14    </queries>
15
16    <application
17        android:name="android.app.Application"
17-->src/main/AndroidManifest.xml:5:9-42
18        android:appComponentFactory="androidx.core.app.CoreComponentFactory"
18-->[androidx.core:core:1.6.0] AndroidManifest.xml:24:18-86
19        android:icon="@mipmap/ic_launcher"
19-->src/main/AndroidManifest.xml:6:9-43
20        android:label="guage" >
20-->src/main/AndroidManifest.xml:4:9-30
21        <activity
21-->src/main/AndroidManifest.xml:7:9-33:20
22            android:name="com.example.guage.MainActivity"
22-->src/main/AndroidManifest.xml:8:13-41
23            android:configChanges="orientation|keyboardHidden|keyboard|screenSize|smallestScreenSize|locale|layoutDirection|fontScale|screenLayout|density|uiMode"
23-->src/main/AndroidManifest.xml:12:13-163
24            android:exported="true"
24-->src/main/AndroidManifest.xml:9:13-36
25            android:hardwareAccelerated="true"
25-->src/main/AndroidManifest.xml:13:13-47
26            android:launchMode="singleTop"
26-->src/main/AndroidManifest.xml:10:13-43
27            android:theme="@style/LaunchTheme"
27-->src/main/AndroidManifest.xml:11:13-47
28            android:windowSoftInputMode="adjustResize" >
28-->src/main/AndroidManifest.xml:14:13-55
29
30            <!--
31                 Specifies an Android theme to apply to this Activity as soon as
32                 the Android process has started. This theme is visible to the user
33                 while the Flutter UI initializes. After that, this theme continues
34                 to determine the Window background behind the Flutter UI.
35            -->
36            <meta-data
36-->src/main/AndroidManifest.xml:19:13-22:17
37                android:name="io.flutter.embedding.android.NormalTheme"
37-->src/main/AndroidManifest.xml:20:15-70
38                android:resource="@style/NormalTheme" />
38-->src/main/AndroidManifest.xml:21:15-52
39
40            <intent-filter>
40-->src/main/AndroidManifest.xml:23:13-26:29
41                <action android:name="android.intent.action.MAIN" />
41-->src/main/AndroidManifest.xml:24:17-68
41-->src/main/AndroidManifest.xml:24:25-66
42
43                <category android:name="android.intent.category.LAUNCHER" />
43-->src/main/AndroidManifest.xml:25:17-76
43-->src/main/AndroidManifest.xml:25:27-74
44            </intent-filter>
45            <intent-filter android:autoVerify="true" >
45-->src/main/AndroidManifest.xml:27:13-32:29
45-->src/main/AndroidManifest.xml:27:28-53
46                <action android:name="android.intent.action.VIEW" />
46-->src/main/AndroidManifest.xml:28:17-69
46-->src/main/AndroidManifest.xml:28:25-66
47
48                <category android:name="android.intent.category.DEFAULT" />
48-->src/main/AndroidManifest.xml:29:17-76
48-->src/main/AndroidManifest.xml:29:27-73
49                <category android:name="android.intent.category.BROWSABLE" />
49-->src/main/AndroidManifest.xml:30:17-78
49-->src/main/AndroidManifest.xml:30:27-75
50
51                <data
51-->src/main/AndroidManifest.xml:31:17-75
52                    android:host="example.com"
52-->src/main/AndroidManifest.xml:31:45-71
53                    android:scheme="exam" />
53-->src/main/AndroidManifest.xml:31:23-44
54            </intent-filter>
55        </activity>
56        <!--
57             Don't delete the meta-data below.
58             This is used by the Flutter tool to generate GeneratedPluginRegistrant.java
59        -->
60        <meta-data
60-->src/main/AndroidManifest.xml:36:9-38:33
61            android:name="flutterEmbedding"
61-->src/main/AndroidManifest.xml:37:13-44
62            android:value="2" />
62-->src/main/AndroidManifest.xml:38:13-30
63
64        <uses-library
64-->[androidx.window:window:1.0.0-beta04] AndroidManifest.xml:25:9-27:40
65            android:name="androidx.window.extensions"
65-->[androidx.window:window:1.0.0-beta04] AndroidManifest.xml:26:13-54
66            android:required="false" />
66-->[androidx.window:window:1.0.0-beta04] AndroidManifest.xml:27:13-37
67        <uses-library
67-->[androidx.window:window:1.0.0-beta04] AndroidManifest.xml:28:9-30:40
68            android:name="androidx.window.sidecar"
68-->[androidx.window:window:1.0.0-beta04] AndroidManifest.xml:29:13-51
69            android:required="false" />
69-->[androidx.window:window:1.0.0-beta04] AndroidManifest.xml:30:13-37
70    </application>
71
72</manifest>